<?xml version="1.0" encoding="UTF-8"?>
<testsuite xmlns:xsi="http://www.w3.org/2001/XMLSchema-instance" xsi:noNamespaceSchemaLocation="https://maven.apache.org/surefire/maven-failsafe-plugin/xsd/failsafe-test-report.xsd" name="testcases.TestCase33wPO" time="31.142" tests="1" errors="1" skipped="0" failures="0">
  <properties>
[...]
</properties>
  <testcase name="RedireccionServicioCliente" classname="testcases.TestCase33wPO" time="31.142">
    <error message="Expected condition failed: waiting for url to contain &quot;mail&quot;. Current url: &quot;https://www.choucairtesting.com/empleos-testing/&quot; (tried for 2 second(s) with 500 milliseconds interval)&#10;Build info: version: &apos;3.141.59&apos;, revision: &apos;e82be7d358&apos;, time: &apos;2018-11-14T08:17:03&apos;&#10;System info: host: &apos;LAPTOP-J5ITQK72&apos;, ip: &apos;192.168.0.20&apos;, os.name: &apos;Windows 10&apos;, os.arch: &apos;amd64&apos;, os.version: &apos;10.0&apos;, java.version: &apos;14.0.1&apos;&#10;Driver info: net.thucydides.core.webdriver.WebDriverFacade" type="org.openqa.selenium.TimeoutException">org.openqa.selenium.TimeoutException: 
Expected condition failed: waiting for url to contain "mail". Current url: "https://www.choucairtesting.com/empleos-testing/" (tried for 2 second(s) with 500 milliseconds interval)
Build info: version: '3.141.59', revision: 'e82be7d358', time: '2018-11-14T08:17:03'
System info: host: 'LAPTOP-J5ITQK72', ip: '192.168.0.20', os.name: 'Windows 10', os.arch: 'amd64', os.version: '10.0', java.version: '14.0.1'
Driver info: net.thucydides.core.webdriver.WebDriverFacade
	at testcases.TestCase33wPO.RedireccionServicioCliente(TestCase33wPO.java:43)
</error>
    <system-out><![CDATA[22:56:04.712 [pool-1-thread-4] ERROR n.t.c.steps.ConsoleLoggingListener - 
           __  _____ _____ ____ _____   _____ _    ___ _     _____ ____  
  _       / / |_   _| ____/ ___|_   _| |  ___/ \  |_ _| |   | ____|  _ \ 
 (_)_____| |    | | |  _| \___ \ | |   | |_ / _ \  | || |   |  _| | | | |
  _|_____| |    | | | |___ ___) || |   |  _/ ___ \ | || |___| |___| |_| |
 (_)     | |    |_| |_____|____/ |_|   |_|/_/   \_\___|_____|_____|____/ 
          \_\                                                            

TEST FAILED WITH ERROR: Redireccion servicio cliente
---------------------------------------------------------------------
22:56:04.713 [pool-1-thread-4] ERROR n.t.c.steps.ConsoleLoggingListener - Expected condition failed: waiting for url to contain "mail". Current url: "https://www.choucairtesting.com/empleos-testing/" (tried for 2 second(s) with 500 milliseconds interval)Build info: version: '3.141.59', revision: 'e82be7d358', time: '2018-11-14T08:17:03'System info: host: 'LAPTOP-J5ITQK72', ip: '192.168.0.20', os.name: 'Windows 10', os.arch: 'amd64', os.version: '10.0', java.version: '14.0.1'Driver info: net.thucydides.core.webdriver.WebDriverFacade
22:55:32.871 [pool-1-thread-4] INFO  n.t.c.steps.ConsoleLoggingListener - Test Suite Started: Test case33w PO
22:55:33.100 [pool-1-thread-4] INFO  n.t.c.steps.ConsoleLoggingListener - 
 _____ _____ ____ _____   ____ _____  _    ____ _____ _____ ____  
|_   _| ____/ ___|_   _| / ___|_   _|/ \  |  _ \_   _| ____|  _ \ 
  | | |  _| \___ \ | |   \___ \ | | / _ \ | |_) || | |  _| | | | |
  | | | |___ ___) || |    ___) || |/ ___ \|  _ < | | | |___| |_| |
  |_| |_____|____/ |_|   |____/ |_/_/   \_\_| \_\|_| |_____|____/ 
                                                                  

TEST STARTED: RedireccionServicioCliente
-------------------------------------------------------------------
22:55:33.100 [pool-1-thread-4] INFO  net.serenitybdd.core.Serenity - TEST NUMBER: 4
22:55:33.257 [pool-1-thread-4] INFO  n.s.c.w.d.ProvideNewDriver - Instantiating driver
22:55:33.257 [pool-1-thread-4] INFO  n.s.c.w.d.ProvideNewDriver - Driver capabilities: Capabilities {acceptInsecureCerts: false, browserName: chrome, goog:chromeOptions: {args: [], extensions: []}, loggingPrefs: org.openqa.selenium.logging..., platform: ANY, version: }
]]></system-out>
    <system-err><![CDATA[may. 03, 2020 10:55:33 P. M. org.openqa.selenium.remote.DesiredCapabilities chrome
INFO: Using `new ChromeOptions()` is preferred to `DesiredCapabilities.chrome()`
Starting ChromeDriver 81.0.4044.69 (6813546031a4bc83f717a2ef7cd4ac6ec1199132-refs/branch-heads/4044@{#776}) on port 33275
Only local connections are allowed.
Please protect ports used by ChromeDriver and related test frameworks to prevent access by malicious code.
may. 03, 2020 10:55:35 P. M. org.openqa.selenium.remote.ProtocolHandshake createSession
INFO: Detected dialect: W3C
[1588564541.116][SEVERE]: Timed out receiving message from renderer: 0.100
[1588564541.217][SEVERE]: Timed out receiving message from renderer: 0.100
[1588564541.318][SEVERE]: Timed out receiving message from renderer: 0.100
[1588564541.419][SEVERE]: Timed out receiving message from renderer: 0.100
[1588564541.521][SEVERE]: Timed out receiving message from renderer: 0.100
[1588564541.624][SEVERE]: Timed out receiving message from renderer: 0.100
[1588564541.725][SEVERE]: Timed out receiving message from renderer: 0.100
[1588564541.825][SEVERE]: Timed out receiving message from renderer: 0.100
[1588564541.927][SEVERE]: Timed out receiving message from renderer: 0.100
[1588564542.028][SEVERE]: Timed out receiving message from renderer: 0.100
[1588564542.129][SEVERE]: Timed out receiving message from renderer: 0.100
[1588564542.230][SEVERE]: Timed out receiving message from renderer: 0.100
[1588564542.331][SEVERE]: Timed out receiving message from renderer: 0.100
[1588564542.432][SEVERE]: Timed out receiving message from renderer: 0.100
[1588564542.532][SEVERE]: Timed out receiving message from renderer: 0.100
[1588564542.634][SEVERE]: Timed out receiving message from renderer: 0.100
[1588564542.736][SEVERE]: Timed out receiving message from renderer: 0.100
[1588564542.839][SEVERE]: Timed out receiving message from renderer: 0.100
[1588564542.941][SEVERE]: Timed out receiving message from renderer: 0.100
[1588564543.107][SEVERE]: Timed out receiving message from renderer: 0.100
[1588564543.208][SEVERE]: Timed out receiving message from renderer: 0.100
[1588564543.309][SEVERE]: Timed out receiving message from renderer: 0.100
[1588564543.410][SEVERE]: Timed out receiving message from renderer: 0.100
[1588564543.511][SEVERE]: Timed out receiving message from renderer: 0.100
[1588564543.612][SEVERE]: Timed out receiving message from renderer: 0.100
[1588564543.713][SEVERE]: Timed out receiving message from renderer: 0.100
[1588564543.961][SEVERE]: Timed out receiving message from renderer: 0.100
[1588564544.062][SEVERE]: Timed out receiving message from renderer: 0.100
[1588564544.165][SEVERE]: Timed out receiving message from renderer: 0.100
[1588564544.267][SEVERE]: Timed out receiving message from renderer: 0.100
[1588564544.370][SEVERE]: Timed out receiving message from renderer: 0.100
[1588564544.472][SEVERE]: Timed out receiving message from renderer: 0.100
[1588564544.658][SEVERE]: Timed out receiving message from renderer: 0.100
[1588564544.759][SEVERE]: Timed out receiving message from renderer: 0.100
[1588564544.860][SEVERE]: Timed out receiving message from renderer: 0.100
[1588564544.961][SEVERE]: Timed out receiving message from renderer: 0.100
[1588564545.062][SEVERE]: Timed out receiving message from renderer: 0.100
[1588564545.163][SEVERE]: Timed out receiving message from renderer: 0.100
[1588564545.264][SEVERE]: Timed out receiving message from renderer: 0.100
[1588564545.365][SEVERE]: Timed out receiving message from renderer: 0.100
[1588564545.466][SEVERE]: Timed out receiving message from renderer: 0.100
[1588564545.567][SEVERE]: Timed out receiving message from renderer: 0.100
[1588564545.668][SEVERE]: Timed out receiving message from renderer: 0.100
[1588564545.896][SEVERE]: Timed out receiving message from renderer: 0.100
[1588564546.044][SEVERE]: Timed out receiving message from renderer: 0.100
[1588564546.146][SEVERE]: Timed out receiving message from renderer: 0.100
[1588564546.246][SEVERE]: Timed out receiving message from renderer: 0.100
[1588564546.348][SEVERE]: Timed out receiving message from renderer: 0.100
[1588564546.449][SEVERE]: Timed out receiving message from renderer: 0.100
[1588564546.551][SEVERE]: Timed out receiving message from renderer: 0.100
[1588564546.652][SEVERE]: Timed out receiving message from renderer: 0.100
[1588564546.753][SEVERE]: Timed out receiving message from renderer: 0.100
[1588564546.854][SEVERE]: Timed out receiving message from renderer: 0.100
[1588564547.494][SEVERE]: Timed out receiving message from renderer: 0.100
[1588564547.597][SEVERE]: Timed out receiving message from renderer: 0.100
[1588564547.698][SEVERE]: Timed out receiving message from renderer: 0.100
[1588564547.813][SEVERE]: Timed out receiving message from renderer: 0.100
[1588564547.919][SEVERE]: Timed out receiving message from renderer: 0.100
[1588564548.021][SEVERE]: Timed out receiving message from renderer: 0.100
[1588564548.122][SEVERE]: Timed out receiving message from renderer: 0.100
[1588564548.223][SEVERE]: Timed out receiving message from renderer: 0.100
[1588564548.326][SEVERE]: Timed out receiving message from renderer: 0.100
[1588564548.427][SEVERE]: Timed out receiving message from renderer: 0.100
[1588564548.528][SEVERE]: Timed out receiving message from renderer: 0.100
[1588564548.629][SEVERE]: Timed out receiving message from renderer: 0.100
[1588564548.731][SEVERE]: Timed out receiving message from renderer: 0.100
[1588564548.898][SEVERE]: Timed out receiving message from renderer: 0.100
[1588564549.000][SEVERE]: Timed out receiving message from renderer: 0.100
[1588564549.100][SEVERE]: Timed out receiving message from renderer: 0.100
[1588564549.201][SEVERE]: Timed out receiving message from renderer: 0.100
[1588564549.303][SEVERE]: Timed out receiving message from renderer: 0.100
[1588564549.405][SEVERE]: Timed out receiving message from renderer: 0.100
[1588564549.506][SEVERE]: Timed out receiving message from renderer: 0.100
[1588564549.607][SEVERE]: Timed out receiving message from renderer: 0.100
[1588564549.708][SEVERE]: Timed out receiving message from renderer: 0.100
[1588564549.814][SEVERE]: Timed out receiving message from renderer: 0.100
[1588564549.915][SEVERE]: Timed out receiving message from renderer: 0.100
[1588564550.017][SEVERE]: Timed out receiving message from renderer: 0.100
[1588564550.118][SEVERE]: Timed out receiving message from renderer: 0.100
[1588564550.219][SEVERE]: Timed out receiving message from renderer: 0.100
[1588564550.322][SEVERE]: Timed out receiving message from renderer: 0.100
[1588564550.433][SEVERE]: Timed out receiving message from renderer: 0.100
[1588564550.534][SEVERE]: Timed out receiving message from renderer: 0.100
[1588564550.635][SEVERE]: Timed out receiving message from renderer: 0.100
[1588564550.736][SEVERE]: Timed out receiving message from renderer: 0.100
[1588564550.837][SEVERE]: Timed out receiving message from renderer: 0.100
[1588564550.938][SEVERE]: Timed out receiving message from renderer: 0.100
[1588564551.040][SEVERE]: Timed out receiving message from renderer: 0.100
[1588564551.141][SEVERE]: Timed out receiving message from renderer: 0.100
[1588564551.242][SEVERE]: Timed out receiving message from renderer: 0.100
[1588564551.344][SEVERE]: Timed out receiving message from renderer: 0.100
[1588564551.445][SEVERE]: Timed out receiving message from renderer: 0.100
[1588564551.548][SEVERE]: Timed out receiving message from renderer: 0.100
[1588564551.650][SEVERE]: Timed out receiving message from renderer: 0.100
[1588564551.751][SEVERE]: Timed out receiving message from renderer: 0.100
[1588564551.853][SEVERE]: Timed out receiving message from renderer: 0.100
[1588564551.954][SEVERE]: Timed out receiving message from renderer: 0.100
[1588564552.056][SEVERE]: Timed out receiving message from renderer: 0.100
[1588564552.157][SEVERE]: Timed out receiving message from renderer: 0.100
[1588564552.259][SEVERE]: Timed out receiving message from renderer: 0.100
[1588564552.361][SEVERE]: Timed out receiving message from renderer: 0.100
[1588564552.462][SEVERE]: Timed out receiving message from renderer: 0.100
[1588564552.563][SEVERE]: Timed out receiving message from renderer: 0.100
[1588564552.665][SEVERE]: Timed out receiving message from renderer: 0.100
[1588564552.767][SEVERE]: Timed out receiving message from renderer: 0.100
[1588564552.882][SEVERE]: Timed out receiving message from renderer: 0.100
[1588564552.985][SEVERE]: Timed out receiving message from renderer: 0.100
[1588564553.087][SEVERE]: Timed out receiving message from renderer: 0.100
[1588564553.230][SEVERE]: Timed out receiving message from renderer: 0.100
[1588564553.331][SEVERE]: Timed out receiving message from renderer: 0.100
[1588564553.433][SEVERE]: Timed out receiving message from renderer: 0.100
[1588564553.534][SEVERE]: Timed out receiving message from renderer: 0.100
[1588564553.637][SEVERE]: Timed out receiving message from renderer: 0.100
[1588564553.738][SEVERE]: Timed out receiving message from renderer: 0.100
[1588564553.839][SEVERE]: Timed out receiving message from renderer: 0.100
[1588564553.940][SEVERE]: Timed out receiving message from renderer: 0.100
[1588564554.042][SEVERE]: Timed out receiving message from renderer: 0.100
[1588564554.143][SEVERE]: Timed out receiving message from renderer: 0.100
[1588564554.244][SEVERE]: Timed out receiving message from renderer: 0.100
[1588564554.345][SEVERE]: Timed out receiving message from renderer: 0.100
[1588564554.446][SEVERE]: Timed out receiving message from renderer: 0.100
[1588564554.547][SEVERE]: Timed out receiving message from renderer: 0.100
[1588564554.667][SEVERE]: Timed out receiving message from renderer: 0.100
[1588564554.794][SEVERE]: Timed out receiving message from renderer: 0.100
[1588564554.899][SEVERE]: Timed out receiving message from renderer: 0.100
[1588564555.222][SEVERE]: Timed out receiving message from renderer: 0.100
[1588564555.388][SEVERE]: Timed out receiving message from renderer: 0.100
[1588564555.489][SEVERE]: Timed out receiving message from renderer: 0.100
[1588564555.591][SEVERE]: Timed out receiving message from renderer: 0.100
[1588564555.742][SEVERE]: Timed out receiving message from renderer: 0.100
[1588564555.945][SEVERE]: Timed out receiving message from renderer: 0.100
[1588564556.156][SEVERE]: Timed out receiving message from renderer: 0.100
[1588564556.358][SEVERE]: Timed out receiving message from renderer: 0.100
[1588564556.460][SEVERE]: Timed out receiving message from renderer: 0.100
[1588564556.561][SEVERE]: Timed out receiving message from renderer: 0.100
[1588564556.662][SEVERE]: Timed out receiving message from renderer: 0.100
[1588564556.763][SEVERE]: Timed out receiving message from renderer: 0.100
[1588564556.864][SEVERE]: Timed out receiving message from renderer: 0.100
[1588564556.966][SEVERE]: Timed out receiving message from renderer: 0.100
[1588564557.067][SEVERE]: Timed out receiving message from renderer: 0.100
[1588564557.168][SEVERE]: Timed out receiving message from renderer: 0.100
[1588564557.269][SEVERE]: Timed out receiving message from renderer: 0.100
[1588564557.370][SEVERE]: Timed out receiving message from renderer: 0.100
[1588564559.941][SEVERE]: Timed out receiving message from renderer: 0.100
[1588564560.181][SEVERE]: Timed out receiving message from renderer: 0.100
[1588564560.509][SEVERE]: Timed out receiving message from renderer: 0.100
[1588564560.610][SEVERE]: Timed out receiving message from renderer: 0.100
[1588564560.711][SEVERE]: Timed out receiving message from renderer: 0.100
]]></system-err>
  </testcase>
</testsuite>